This file contains any messages produced by compilers while
running configure, to aid debugging if configure makes a mistake.

It was created by telegram-cli configure 1.0, which was
generated by GNU Autoconf 2.69.  Invocation command line was

  $ ./configure 

## --------- ##
## Platform. ##
## --------- ##

hostname = ubaldo-ubuntu
uname -m = x86_64
uname -r = 3.16.0-30-generic
uname -s = Linux
uname -v = #40~14.04.1-Ubuntu SMP Thu Jan 15 17:43:14 UTC 2015

/usr/bin/uname -p = unknown
/bin/uname -X     = unknown

/bin/arch              = unknown
/usr/bin/arch -k       = unknown
/usr/convex/getsysinfo = unknown
/usr/bin/hostinfo      = unknown
/bin/machine           = unknown
/usr/bin/oslevel       = unknown
/bin/universe          = unknown

PATH: /usr/local/sbin
PATH: /usr/local/bin
PATH: /usr/sbin
PATH: /usr/bin
PATH: /sbin
PATH: /bin
PATH: /usr/games
PATH: /usr/local/games


## ----------- ##
## Core tests. ##
## ----------- ##

configure:2684: checking for gcc
configure:2700: found /usr/bin/gcc
configure:2711: result: gcc
configure:2940: checking for C compiler version
configure:2949: gcc --version >&5
gcc (Ubuntu 4.8.2-19ubuntu1) 4.8.2
Copyright (C) 2013 Free Software Foundation, Inc.
This is free software; see the source for copying conditions.  There is NO
warranty; not even for MERCHANTABILITY or FITNESS FOR A PARTICULAR PURPOSE.

configure:2960: $? = 0
configure:2949: gcc -v >&5
Using built-in specs.
COLLECT_GCC=gcc
COLLECT_LTO_WRAPPER=/usr/lib/gcc/x86_64-linux-gnu/4.8/lto-wrapper
Target: x86_64-linux-gnu
Configured with: ../src/configure -v --with-pkgversion='Ubuntu 4.8.2-19ubuntu1' --with-bugurl=file:///usr/share/doc/gcc-4.8/README.Bugs --enable-languages=c,c++,java,go,d,fortran,objc,obj-c++ --prefix=/usr --program-suffix=-4.8 --enable-shared --enable-linker-build-id --libexecdir=/usr/lib --without-included-gettext --enable-threads=posix --with-gxx-include-dir=/usr/include/c++/4.8 --libdir=/usr/lib --enable-nls --with-sysroot=/ --enable-clocale=gnu --enable-libstdcxx-debug --enable-libstdcxx-time=yes --enable-gnu-unique-object --disable-libmudflap --enable-plugin --with-system-zlib --disable-browser-plugin --enable-java-awt=gtk --enable-gtk-cairo --with-java-home=/usr/lib/jvm/java-1.5.0-gcj-4.8-amd64/jre --enable-java-home --with-jvm-root-dir=/usr/lib/jvm/java-1.5.0-gcj-4.8-amd64 --with-jvm-jar-dir=/usr/lib/jvm-exports/java-1.5.0-gcj-4.8-amd64 --with-arch-directory=amd64 --with-ecj-jar=/usr/share/java/eclipse-ecj.jar --enable-objc-gc --enable-multiarch --disable-werror --with-arch-32=i686 --with-abi=m64 --with-multilib-list=m32,m64,mx32 --with-tune=generic --enable-checking=release --build=x86_64-linux-gnu --host=x86_64-linux-gnu --target=x86_64-linux-gnu
Thread model: posix
gcc version 4.8.2 (Ubuntu 4.8.2-19ubuntu1) 
configure:2960: $? = 0
configure:2949: gcc -V >&5
gcc: error: unrecognized command line option '-V'
gcc: fatal error: no input files
compilation terminated.
configure:2960: $? = 4
configure:2949: gcc -qversion >&5
gcc: error: unrecognized command line option '-qversion'
gcc: fatal error: no input files
compilation terminated.
configure:2960: $? = 4
configure:2980: checking whether the C compiler works
configure:3002: gcc    conftest.c  >&5
configure:3006: $? = 0
configure:3054: result: yes
configure:3057: checking for C compiler default output file name
configure:3059: result: a.out
configure:3065: checking for suffix of executables
configure:3072: gcc -o conftest    conftest.c  >&5
configure:3076: $? = 0
configure:3098: result: 
configure:3120: checking whether we are cross compiling
configure:3128: gcc -o conftest    conftest.c  >&5
configure:3132: $? = 0
configure:3139: ./conftest
configure:3143: $? = 0
configure:3158: result: no
configure:3163: checking for suffix of object files
configure:3185: gcc -c   conftest.c >&5
configure:3189: $? = 0
configure:3210: result: o
configure:3214: checking whether we are using the GNU C compiler
configure:3233: gcc -c   conftest.c >&5
configure:3233: $? = 0
configure:3242: result: yes
configure:3251: checking whether gcc accepts -g
configure:3271: gcc -c -g  conftest.c >&5
configure:3271: $? = 0
configure:3312: result: yes
configure:3329: checking for gcc option to accept ISO C89
configure:3392: gcc  -c -g -O2  conftest.c >&5
configure:3392: $? = 0
configure:3405: result: none needed
configure:3432: checking for sqrt in -lm
configure:3457: gcc -o conftest -g -O2  -I/usr/local/include  -L/usr/local/lib conftest.c -lm   >&5
conftest.c:16:6: warning: conflicting types for built-in function 'sqrt' [enabled by default]
 char sqrt ();
      ^
configure:3457: $? = 0
configure:3466: result: yes
configure:3477: checking for library containing clock_gettime
configure:3508: gcc -o conftest -g -O2  -I/usr/local/include  -L/usr/local/lib conftest.c -lm  >&5
configure:3508: $? = 0
configure:3525: result: none required
configure:3533: checking for library containing backtrace
configure:3564: gcc -o conftest -g -O2  -I/usr/local/include  -L/usr/local/lib conftest.c -lm  >&5
configure:3564: $? = 0
configure:3581: result: none required
configure:3589: checking for event_base_new in -levent
configure:3614: gcc -o conftest -g -O2  -I/usr/local/include  -L/usr/local/lib conftest.c -levent  -lm  >&5
configure:3614: $? = 0
configure:3623: result: yes
configure:3644: checking how to run the C preprocessor
configure:3675: gcc -E  -I/usr/local/include conftest.c
configure:3675: $? = 0
configure:3689: gcc -E  -I/usr/local/include conftest.c
conftest.c:11:28: fatal error: ac_nonexistent.h: No such file or directory
 #include <ac_nonexistent.h>
                            ^
compilation terminated.
configure:3689: $? = 1
configure: failed program was:
| /* confdefs.h */
| #define PACKAGE_NAME "telegram-cli"
| #define PACKAGE_TARNAME "telegram-cli"
| #define PACKAGE_VERSION "1.0"
| #define PACKAGE_STRING "telegram-cli 1.0"
| #define PACKAGE_BUGREPORT ""
| #define PACKAGE_URL ""
| #define HAVE_LIBM 1
| #define HAVE_LIBEVENT 1
| /* end confdefs.h.  */
| #include <ac_nonexistent.h>
configure:3714: result: gcc -E
configure:3734: gcc -E  -I/usr/local/include conftest.c
configure:3734: $? = 0
configure:3748: gcc -E  -I/usr/local/include conftest.c
conftest.c:11:28: fatal error: ac_nonexistent.h: No such file or directory
 #include <ac_nonexistent.h>
                            ^
compilation terminated.
configure:3748: $? = 1
configure: failed program was:
| /* confdefs.h */
| #define PACKAGE_NAME "telegram-cli"
| #define PACKAGE_TARNAME "telegram-cli"
| #define PACKAGE_VERSION "1.0"
| #define PACKAGE_STRING "telegram-cli 1.0"
| #define PACKAGE_BUGREPORT ""
| #define PACKAGE_URL ""
| #define HAVE_LIBM 1
| #define HAVE_LIBEVENT 1
| /* end confdefs.h.  */
| #include <ac_nonexistent.h>
configure:3777: checking for grep that handles long lines and -e
configure:3835: result: /bin/grep
configure:3840: checking for egrep
configure:3902: result: /bin/grep -E
configure:3907: checking for ANSI C header files
configure:3927: gcc -c -g -O2  -I/usr/local/include conftest.c >&5
configure:3927: $? = 0
configure:4000: gcc -o conftest -g -O2  -I/usr/local/include  -L/usr/local/lib conftest.c -levent -lm  >&5
configure:4000: $? = 0
configure:4000: ./conftest
configure:4000: $? = 0
configure:4011: result: yes
configure:4024: checking for sys/types.h
configure:4024: gcc -c -g -O2  -I/usr/local/include conftest.c >&5
configure:4024: $? = 0
configure:4024: result: yes
configure:4024: checking for sys/stat.h
configure:4024: gcc -c -g -O2  -I/usr/local/include conftest.c >&5
configure:4024: $? = 0
configure:4024: result: yes
configure:4024: checking for stdlib.h
configure:4024: gcc -c -g -O2  -I/usr/local/include conftest.c >&5
configure:4024: $? = 0
configure:4024: result: yes
configure:4024: checking for string.h
configure:4024: gcc -c -g -O2  -I/usr/local/include conftest.c >&5
configure:4024: $? = 0
configure:4024: result: yes
configure:4024: checking for memory.h
configure:4024: gcc -c -g -O2  -I/usr/local/include conftest.c >&5
configure:4024: $? = 0
configure:4024: result: yes
configure:4024: checking for strings.h
configure:4024: gcc -c -g -O2  -I/usr/local/include conftest.c >&5
configure:4024: $? = 0
configure:4024: result: yes
configure:4024: checking for inttypes.h
configure:4024: gcc -c -g -O2  -I/usr/local/include conftest.c >&5
configure:4024: $? = 0
configure:4024: result: yes
configure:4024: checking for stdint.h
configure:4024: gcc -c -g -O2  -I/usr/local/include conftest.c >&5
configure:4024: $? = 0
configure:4024: result: yes
configure:4024: checking for unistd.h
configure:4024: gcc -c -g -O2  -I/usr/local/include conftest.c >&5
configure:4024: $? = 0
configure:4024: result: yes
configure:4036: checking event2/event.h usability
configure:4036: gcc -c -g -O2  -I/usr/local/include conftest.c >&5
configure:4036: $? = 0
configure:4036: result: yes
configure:4036: checking event2/event.h presence
configure:4036: gcc -E  -I/usr/local/include conftest.c
configure:4036: $? = 0
configure:4036: result: yes
configure:4036: checking for event2/event.h
configure:4036: result: yes
configure:4084: checking for pkg-config
configure:4102: found /usr/bin/pkg-config
configure:4114: result: /usr/bin/pkg-config
configure:4170: checking whether compiling and linking against OpenSSL works
Trying link with OPENSSL_LDFLAGS= ; OPENSSL_LIBS=-lssl -lcrypto  ; OPENSSL_INCLUDES= 
configure:4192: gcc -o conftest -g -O2    -I/usr/local/include  -L/usr/local/lib   conftest.c -lssl -lcrypto   -levent -lm  >&5
configure:4192: $? = 0
configure:4194: result: yes
configure:4218: checking if zlib is wanted
configure:4240: result: yes
configure:4271: checking for inflateEnd in -lz
configure:4296: gcc -o conftest -g -O2  -I/usr/local/include -I/usr/include  -L/usr/local/lib -L/usr/lib conftest.c -lz  -levent -lm  >&5
configure:4296: $? = 0
configure:4305: result: yes
configure:4313: checking zlib.h usability
configure:4313: gcc -c -g -O2  -I/usr/local/include -I/usr/include conftest.c >&5
configure:4313: $? = 0
configure:4313: result: yes
configure:4313: checking zlib.h presence
configure:4313: gcc -E  -I/usr/local/include -I/usr/include conftest.c
configure:4313: $? = 0
configure:4313: result: yes
configure:4313: checking for zlib.h
configure:4313: result: yes
configure:4349: checking for rl_save_prompt in -lreadline
configure:4374: gcc -o conftest -g -O2  -I/usr/local/include -I/usr/include -I/usr/include  -L/usr/local/lib -L/usr/lib -L/usr/lib conftest.c -lreadline  -lz -levent -lm  >&5
configure:4374: $? = 0
configure:4383: result: yes
configure:4392: checking for libconfig
configure:4454: result: enabled
configure:4456: checking for config_init in -lconfig
configure:4481: gcc -o conftest -g -O2  -I/usr/local/include -I/usr/include -I/usr/include  -L/usr/local/lib -L/usr/lib -L/usr/lib conftest.c -lconfig  -lz -levent -lm  >&5
configure:4481: $? = 0
configure:4490: result: yes
configure:4519: checking for liblua
configure:5197: result: enabled
configure:5209: checking for lua
configure:5227: found /usr/bin/lua
configure:5239: result: /usr/bin/lua
configure:5254: checking if /usr/bin/lua is a Lua interpreter
configure:5258: result: yes
configure:5275: checking for lua version
configure:5285: result: 5.2
configure:5295: checking for lua platform
configure:5302: result: unknown
configure:5312: checking for lua script directory
configure:5351: result: ${prefix}/share/lua/5.2
configure:5358: checking for lua module directory
configure:5397: result: ${exec_prefix}/lib/lua/5.2
configure:5406: checking if LUA_VERSION is defined
configure:5409: result: yes
configure:5428: checking lua.h usability
configure:5428: gcc -c -g -O2  -I/usr/local/include -I/usr/include -I/usr/include  conftest.c >&5
conftest.c:57:17: fatal error: lua.h: No such file or directory
 #include <lua.h>
                 ^
compilation terminated.
configure:5428: $? = 1
configure: failed program was:
| /* confdefs.h */
| #define PACKAGE_NAME "telegram-cli"
| #define PACKAGE_TARNAME "telegram-cli"
| #define PACKAGE_VERSION "1.0"
| #define PACKAGE_STRING "telegram-cli 1.0"
| #define PACKAGE_BUGREPORT ""
| #define PACKAGE_URL ""
| #define HAVE_LIBM 1
| #define HAVE_LIBEVENT 1
| #define STDC_HEADERS 1
| #define HAVE_SYS_TYPES_H 1
| #define HAVE_SYS_STAT_H 1
| #define HAVE_STDLIB_H 1
| #define HAVE_STRING_H 1
| #define HAVE_MEMORY_H 1
| #define HAVE_STRINGS_H 1
| #define HAVE_INTTYPES_H 1
| #define HAVE_STDINT_H 1
| #define HAVE_UNISTD_H 1
| #define EVENT_V2 1
| #define HAVE_LIBZ 1
| #define HAVE_LIBCONFIG 1
| /* end confdefs.h.  */
| #include <stdio.h>
| #ifdef HAVE_SYS_TYPES_H
| # include <sys/types.h>
| #endif
| #ifdef HAVE_SYS_STAT_H
| # include <sys/stat.h>
| #endif
| #ifdef STDC_HEADERS
| # include <stdlib.h>
| # include <stddef.h>
| #else
| # ifdef HAVE_STDLIB_H
| #  include <stdlib.h>
| # endif
| #endif
| #ifdef HAVE_STRING_H
| # if !defined STDC_HEADERS && defined HAVE_MEMORY_H
| #  include <memory.h>
| # endif
| # include <string.h>
| #endif
| #ifdef HAVE_STRINGS_H
| # include <strings.h>
| #endif
| #ifdef HAVE_INTTYPES_H
| # include <inttypes.h>
| #endif
| #ifdef HAVE_STDINT_H
| # include <stdint.h>
| #endif
| #ifdef HAVE_UNISTD_H
| # include <unistd.h>
| #endif
| #include <lua.h>
configure:5428: result: no
configure:5428: checking lua.h presence
configure:5428: gcc -E  -I/usr/local/include -I/usr/include -I/usr/include  conftest.c
conftest.c:24:17: fatal error: lua.h: No such file or directory
 #include <lua.h>
                 ^
compilation terminated.
configure:5428: $? = 1
configure: failed program was:
| /* confdefs.h */
| #define PACKAGE_NAME "telegram-cli"
| #define PACKAGE_TARNAME "telegram-cli"
| #define PACKAGE_VERSION "1.0"
| #define PACKAGE_STRING "telegram-cli 1.0"
| #define PACKAGE_BUGREPORT ""
| #define PACKAGE_URL ""
| #define HAVE_LIBM 1
| #define HAVE_LIBEVENT 1
| #define STDC_HEADERS 1
| #define HAVE_SYS_TYPES_H 1
| #define HAVE_SYS_STAT_H 1
| #define HAVE_STDLIB_H 1
| #define HAVE_STRING_H 1
| #define HAVE_MEMORY_H 1
| #define HAVE_STRINGS_H 1
| #define HAVE_INTTYPES_H 1
| #define HAVE_STDINT_H 1
| #define HAVE_UNISTD_H 1
| #define EVENT_V2 1
| #define HAVE_LIBZ 1
| #define HAVE_LIBCONFIG 1
| /* end confdefs.h.  */
| #include <lua.h>
configure:5428: result: no
configure:5428: checking for lua.h
configure:5428: result: no
configure:5428: checking lualib.h usability
configure:5428: gcc -c -g -O2  -I/usr/local/include -I/usr/include -I/usr/include  conftest.c >&5
conftest.c:57:20: fatal error: lualib.h: No such file or directory
 #include <lualib.h>
                    ^
compilation terminated.
configure:5428: $? = 1
configure: failed program was:
| /* confdefs.h */
| #define PACKAGE_NAME "telegram-cli"
| #define PACKAGE_TARNAME "telegram-cli"
| #define PACKAGE_VERSION "1.0"
| #define PACKAGE_STRING "telegram-cli 1.0"
| #define PACKAGE_BUGREPORT ""
| #define PACKAGE_URL ""
| #define HAVE_LIBM 1
| #define HAVE_LIBEVENT 1
| #define STDC_HEADERS 1
| #define HAVE_SYS_TYPES_H 1
| #define HAVE_SYS_STAT_H 1
| #define HAVE_STDLIB_H 1
| #define HAVE_STRING_H 1
| #define HAVE_MEMORY_H 1
| #define HAVE_STRINGS_H 1
| #define HAVE_INTTYPES_H 1
| #define HAVE_STDINT_H 1
| #define HAVE_UNISTD_H 1
| #define EVENT_V2 1
| #define HAVE_LIBZ 1
| #define HAVE_LIBCONFIG 1
| /* end confdefs.h.  */
| #include <stdio.h>
| #ifdef HAVE_SYS_TYPES_H
| # include <sys/types.h>
| #endif
| #ifdef HAVE_SYS_STAT_H
| # include <sys/stat.h>
| #endif
| #ifdef STDC_HEADERS
| # include <stdlib.h>
| # include <stddef.h>
| #else
| # ifdef HAVE_STDLIB_H
| #  include <stdlib.h>
| # endif
| #endif
| #ifdef HAVE_STRING_H
| # if !defined STDC_HEADERS && defined HAVE_MEMORY_H
| #  include <memory.h>
| # endif
| # include <string.h>
| #endif
| #ifdef HAVE_STRINGS_H
| # include <strings.h>
| #endif
| #ifdef HAVE_INTTYPES_H
| # include <inttypes.h>
| #endif
| #ifdef HAVE_STDINT_H
| # include <stdint.h>
| #endif
| #ifdef HAVE_UNISTD_H
| # include <unistd.h>
| #endif
| #include <lualib.h>
configure:5428: result: no
configure:5428: checking lualib.h presence
configure:5428: gcc -E  -I/usr/local/include -I/usr/include -I/usr/include  conftest.c
conftest.c:24:20: fatal error: lualib.h: No such file or directory
 #include <lualib.h>
                    ^
compilation terminated.
configure:5428: $? = 1
configure: failed program was:
| /* confdefs.h */
| #define PACKAGE_NAME "telegram-cli"
| #define PACKAGE_TARNAME "telegram-cli"
| #define PACKAGE_VERSION "1.0"
| #define PACKAGE_STRING "telegram-cli 1.0"
| #define PACKAGE_BUGREPORT ""
| #define PACKAGE_URL ""
| #define HAVE_LIBM 1
| #define HAVE_LIBEVENT 1
| #define STDC_HEADERS 1
| #define HAVE_SYS_TYPES_H 1
| #define HAVE_SYS_STAT_H 1
| #define HAVE_STDLIB_H 1
| #define HAVE_STRING_H 1
| #define HAVE_MEMORY_H 1
| #define HAVE_STRINGS_H 1
| #define HAVE_INTTYPES_H 1
| #define HAVE_STDINT_H 1
| #define HAVE_UNISTD_H 1
| #define EVENT_V2 1
| #define HAVE_LIBZ 1
| #define HAVE_LIBCONFIG 1
| /* end confdefs.h.  */
| #include <lualib.h>
configure:5428: result: no
configure:5428: checking for lualib.h
configure:5428: result: no
configure:5428: checking lauxlib.h usability
configure:5428: gcc -c -g -O2  -I/usr/local/include -I/usr/include -I/usr/include  conftest.c >&5
conftest.c:57:21: fatal error: lauxlib.h: No such file or directory
 #include <lauxlib.h>
                     ^
compilation terminated.
configure:5428: $? = 1
configure: failed program was:
| /* confdefs.h */
| #define PACKAGE_NAME "telegram-cli"
| #define PACKAGE_TARNAME "telegram-cli"
| #define PACKAGE_VERSION "1.0"
| #define PACKAGE_STRING "telegram-cli 1.0"
| #define PACKAGE_BUGREPORT ""
| #define PACKAGE_URL ""
| #define HAVE_LIBM 1
| #define HAVE_LIBEVENT 1
| #define STDC_HEADERS 1
| #define HAVE_SYS_TYPES_H 1
| #define HAVE_SYS_STAT_H 1
| #define HAVE_STDLIB_H 1
| #define HAVE_STRING_H 1
| #define HAVE_MEMORY_H 1
| #define HAVE_STRINGS_H 1
| #define HAVE_INTTYPES_H 1
| #define HAVE_STDINT_H 1
| #define HAVE_UNISTD_H 1
| #define EVENT_V2 1
| #define HAVE_LIBZ 1
| #define HAVE_LIBCONFIG 1
| /* end confdefs.h.  */
| #include <stdio.h>
| #ifdef HAVE_SYS_TYPES_H
| # include <sys/types.h>
| #endif
| #ifdef HAVE_SYS_STAT_H
| # include <sys/stat.h>
| #endif
| #ifdef STDC_HEADERS
| # include <stdlib.h>
| # include <stddef.h>
| #else
| # ifdef HAVE_STDLIB_H
| #  include <stdlib.h>
| # endif
| #endif
| #ifdef HAVE_STRING_H
| # if !defined STDC_HEADERS && defined HAVE_MEMORY_H
| #  include <memory.h>
| # endif
| # include <string.h>
| #endif
| #ifdef HAVE_STRINGS_H
| # include <strings.h>
| #endif
| #ifdef HAVE_INTTYPES_H
| # include <inttypes.h>
| #endif
| #ifdef HAVE_STDINT_H
| # include <stdint.h>
| #endif
| #ifdef HAVE_UNISTD_H
| # include <unistd.h>
| #endif
| #include <lauxlib.h>
configure:5428: result: no
configure:5428: checking lauxlib.h presence
configure:5428: gcc -E  -I/usr/local/include -I/usr/include -I/usr/include  conftest.c
conftest.c:24:21: fatal error: lauxlib.h: No such file or directory
 #include <lauxlib.h>
                     ^
compilation terminated.
configure:5428: $? = 1
configure: failed program was:
| /* confdefs.h */
| #define PACKAGE_NAME "telegram-cli"
| #define PACKAGE_TARNAME "telegram-cli"
| #define PACKAGE_VERSION "1.0"
| #define PACKAGE_STRING "telegram-cli 1.0"
| #define PACKAGE_BUGREPORT ""
| #define PACKAGE_URL ""
| #define HAVE_LIBM 1
| #define HAVE_LIBEVENT 1
| #define STDC_HEADERS 1
| #define HAVE_SYS_TYPES_H 1
| #define HAVE_SYS_STAT_H 1
| #define HAVE_STDLIB_H 1
| #define HAVE_STRING_H 1
| #define HAVE_MEMORY_H 1
| #define HAVE_STRINGS_H 1
| #define HAVE_INTTYPES_H 1
| #define HAVE_STDINT_H 1
| #define HAVE_UNISTD_H 1
| #define EVENT_V2 1
| #define HAVE_LIBZ 1
| #define HAVE_LIBCONFIG 1
| /* end confdefs.h.  */
| #include <lauxlib.h>
configure:5428: result: no
configure:5428: checking for lauxlib.h
configure:5428: result: no
configure:5428: checking luaconf.h usability
configure:5428: gcc -c -g -O2  -I/usr/local/include -I/usr/include -I/usr/include  conftest.c >&5
conftest.c:57:21: fatal error: luaconf.h: No such file or directory
 #include <luaconf.h>
                     ^
compilation terminated.
configure:5428: $? = 1
configure: failed program was:
| /* confdefs.h */
| #define PACKAGE_NAME "telegram-cli"
| #define PACKAGE_TARNAME "telegram-cli"
| #define PACKAGE_VERSION "1.0"
| #define PACKAGE_STRING "telegram-cli 1.0"
| #define PACKAGE_BUGREPORT ""
| #define PACKAGE_URL ""
| #define HAVE_LIBM 1
| #define HAVE_LIBEVENT 1
| #define STDC_HEADERS 1
| #define HAVE_SYS_TYPES_H 1
| #define HAVE_SYS_STAT_H 1
| #define HAVE_STDLIB_H 1
| #define HAVE_STRING_H 1
| #define HAVE_MEMORY_H 1
| #define HAVE_STRINGS_H 1
| #define HAVE_INTTYPES_H 1
| #define HAVE_STDINT_H 1
| #define HAVE_UNISTD_H 1
| #define EVENT_V2 1
| #define HAVE_LIBZ 1
| #define HAVE_LIBCONFIG 1
| /* end confdefs.h.  */
| #include <stdio.h>
| #ifdef HAVE_SYS_TYPES_H
| # include <sys/types.h>
| #endif
| #ifdef HAVE_SYS_STAT_H
| # include <sys/stat.h>
| #endif
| #ifdef STDC_HEADERS
| # include <stdlib.h>
| # include <stddef.h>
| #else
| # ifdef HAVE_STDLIB_H
| #  include <stdlib.h>
| # endif
| #endif
| #ifdef HAVE_STRING_H
| # if !defined STDC_HEADERS && defined HAVE_MEMORY_H
| #  include <memory.h>
| # endif
| # include <string.h>
| #endif
| #ifdef HAVE_STRINGS_H
| # include <strings.h>
| #endif
| #ifdef HAVE_INTTYPES_H
| # include <inttypes.h>
| #endif
| #ifdef HAVE_STDINT_H
| # include <stdint.h>
| #endif
| #ifdef HAVE_UNISTD_H
| # include <unistd.h>
| #endif
| #include <luaconf.h>
configure:5428: result: no
configure:5428: checking luaconf.h presence
configure:5428: gcc -E  -I/usr/local/include -I/usr/include -I/usr/include  conftest.c
conftest.c:24:21: fatal error: luaconf.h: No such file or directory
 #include <luaconf.h>
                     ^
compilation terminated.
configure:5428: $? = 1
configure: failed program was:
| /* confdefs.h */
| #define PACKAGE_NAME "telegram-cli"
| #define PACKAGE_TARNAME "telegram-cli"
| #define PACKAGE_VERSION "1.0"
| #define PACKAGE_STRING "telegram-cli 1.0"
| #define PACKAGE_BUGREPORT ""
| #define PACKAGE_URL ""
| #define HAVE_LIBM 1
| #define HAVE_LIBEVENT 1
| #define STDC_HEADERS 1
| #define HAVE_SYS_TYPES_H 1
| #define HAVE_SYS_STAT_H 1
| #define HAVE_STDLIB_H 1
| #define HAVE_STRING_H 1
| #define HAVE_MEMORY_H 1
| #define HAVE_STRINGS_H 1
| #define HAVE_INTTYPES_H 1
| #define HAVE_STDINT_H 1
| #define HAVE_UNISTD_H 1
| #define EVENT_V2 1
| #define HAVE_LIBZ 1
| #define HAVE_LIBCONFIG 1
| /* end confdefs.h.  */
| #include <luaconf.h>
configure:5428: result: no
configure:5428: checking for luaconf.h
configure:5428: result: no
configure:5452: checking for Lua headers in
configure:5454: result: /usr/include/lua5.2
configure:5467: checking lua.h usability
configure:5467: gcc -c -g -O2  -I/usr/local/include -I/usr/include -I/usr/include -I/usr/include/lua5.2 conftest.c >&5
configure:5467: $? = 0
configure:5467: result: yes
configure:5467: checking lua.h presence
configure:5467: gcc -E  -I/usr/local/include -I/usr/include -I/usr/include -I/usr/include/lua5.2 conftest.c
configure:5467: $? = 0
configure:5467: result: yes
configure:5467: checking for lua.h
configure:5467: result: yes
configure:5467: checking lualib.h usability
configure:5467: gcc -c -g -O2  -I/usr/local/include -I/usr/include -I/usr/include -I/usr/include/lua5.2 conftest.c >&5
configure:5467: $? = 0
configure:5467: result: yes
configure:5467: checking lualib.h presence
configure:5467: gcc -E  -I/usr/local/include -I/usr/include -I/usr/include -I/usr/include/lua5.2 conftest.c
configure:5467: $? = 0
configure:5467: result: yes
configure:5467: checking for lualib.h
configure:5467: result: yes
configure:5467: checking lauxlib.h usability
configure:5467: gcc -c -g -O2  -I/usr/local/include -I/usr/include -I/usr/include -I/usr/include/lua5.2 conftest.c >&5
configure:5467: $? = 0
configure:5467: result: yes
configure:5467: checking lauxlib.h presence
configure:5467: gcc -E  -I/usr/local/include -I/usr/include -I/usr/include -I/usr/include/lua5.2 conftest.c
configure:5467: $? = 0
configure:5467: result: yes
configure:5467: checking for lauxlib.h
configure:5467: result: yes
configure:5467: checking luaconf.h usability
configure:5467: gcc -c -g -O2  -I/usr/local/include -I/usr/include -I/usr/include -I/usr/include/lua5.2 conftest.c >&5
configure:5467: $? = 0
configure:5467: result: yes
configure:5467: checking luaconf.h presence
configure:5467: gcc -E  -I/usr/local/include -I/usr/include -I/usr/include -I/usr/include/lua5.2 conftest.c
configure:5467: $? = 0
configure:5467: result: yes
configure:5467: checking for luaconf.h
configure:5467: result: yes
configure:5490: checking for Lua header version
configure:5517: gcc -o conftest -g -O2  -I/usr/local/include -I/usr/include -I/usr/include -I/usr/include/lua5.2  -L/usr/local/lib -L/usr/lib -L/usr/lib conftest.c -lconfig -lz -levent -lm  >&5
configure:5517: $? = 0
configure:5517: ./conftest
configure:5517: $? = 0
configure:5532: result: 5.2
configure:5535: checking if Lua header version matches 5.2
configure:5538: result: yes
configure:5564: checking if LUA_VERSION is defined
configure:5567: result: yes
configure:5650: checking for library containing exp
configure:5681: gcc -o conftest -g -O2  -I/usr/local/include -I/usr/include -I/usr/include  -L/usr/local/lib -L/usr/lib -L/usr/lib conftest.c -lconfig -lz -levent -lm   >&5
conftest.c:35:6: warning: conflicting types for built-in function 'exp' [enabled by default]
 char exp ();
      ^
configure:5681: $? = 0
configure:5698: result: none required
configure:5706: checking for library containing dlopen
configure:5737: gcc -o conftest -g -O2  -I/usr/local/include -I/usr/include -I/usr/include  -L/usr/local/lib -L/usr/lib -L/usr/lib conftest.c -lconfig -lz -levent -lm   >&5
/tmp/ccI1khcR.o: In function `main':
/home/ubaldo/telegram-bot/tg/conftest.c:39: undefined reference to `dlopen'
collect2: error: ld returned 1 exit status
configure:5737: $? = 1
configure: failed program was:
| /* confdefs.h */
| #define PACKAGE_NAME "telegram-cli"
| #define PACKAGE_TARNAME "telegram-cli"
| #define PACKAGE_VERSION "1.0"
| #define PACKAGE_STRING "telegram-cli 1.0"
| #define PACKAGE_BUGREPORT ""
| #define PACKAGE_URL ""
| #define HAVE_LIBM 1
| #define HAVE_LIBEVENT 1
| #define STDC_HEADERS 1
| #define HAVE_SYS_TYPES_H 1
| #define HAVE_SYS_STAT_H 1
| #define HAVE_STDLIB_H 1
| #define HAVE_STRING_H 1
| #define HAVE_MEMORY_H 1
| #define HAVE_STRINGS_H 1
| #define HAVE_INTTYPES_H 1
| #define HAVE_STDINT_H 1
| #define HAVE_UNISTD_H 1
| #define EVENT_V2 1
| #define HAVE_LIBZ 1
| #define HAVE_LIBCONFIG 1
| #define HAVE_LUA_H 1
| #define HAVE_LUALIB_H 1
| #define HAVE_LAUXLIB_H 1
| #define HAVE_LUACONF_H 1
| /* end confdefs.h.  */
| 
| /* Override any GCC internal prototype to avoid an error.
|    Use char because int might match the return type of a GCC
|    builtin and then its argument prototype would still apply.  */
| #ifdef __cplusplus
| extern "C"
| #endif
| char dlopen ();
| int
| main ()
| {
| return dlopen ();
|   ;
|   return 0;
| }
configure:5737: gcc -o conftest -g -O2  -I/usr/local/include -I/usr/include -I/usr/include  -L/usr/local/lib -L/usr/lib -L/usr/lib conftest.c -ldl  -lconfig -lz -levent -lm   >&5
configure:5737: $? = 0
configure:5754: result: -ldl
configure:5776: checking for library containing lua_load
configure:5811: gcc -o conftest -g -O2  -I/usr/local/include -I/usr/include -I/usr/include  -L/usr/local/lib -L/usr/lib -L/usr/lib conftest.c -lconfig -lz -levent -lm   >&5
/tmp/ccDoFn4V.o: In function `main':
/home/ubaldo/telegram-bot/tg/conftest.c:39: undefined reference to `lua_load'
collect2: error: ld returned 1 exit status
configure:5811: $? = 1
configure: failed program was:
| /* confdefs.h */
| #define PACKAGE_NAME "telegram-cli"
| #define PACKAGE_TARNAME "telegram-cli"
| #define PACKAGE_VERSION "1.0"
| #define PACKAGE_STRING "telegram-cli 1.0"
| #define PACKAGE_BUGREPORT ""
| #define PACKAGE_URL ""
| #define HAVE_LIBM 1
| #define HAVE_LIBEVENT 1
| #define STDC_HEADERS 1
| #define HAVE_SYS_TYPES_H 1
| #define HAVE_SYS_STAT_H 1
| #define HAVE_STDLIB_H 1
| #define HAVE_STRING_H 1
| #define HAVE_MEMORY_H 1
| #define HAVE_STRINGS_H 1
| #define HAVE_INTTYPES_H 1
| #define HAVE_STDINT_H 1
| #define HAVE_UNISTD_H 1
| #define EVENT_V2 1
| #define HAVE_LIBZ 1
| #define HAVE_LIBCONFIG 1
| #define HAVE_LUA_H 1
| #define HAVE_LUALIB_H 1
| #define HAVE_LAUXLIB_H 1
| #define HAVE_LUACONF_H 1
| /* end confdefs.h.  */
| 
| /* Override any GCC internal prototype to avoid an error.
|    Use char because int might match the return type of a GCC
|    builtin and then its argument prototype would still apply.  */
| #ifdef __cplusplus
| extern "C"
| #endif
| char lua_load ();
| int
| main ()
| {
| return lua_load ();
|   ;
|   return 0;
| }
configure:5811: gcc -o conftest -g -O2  -I/usr/local/include -I/usr/include -I/usr/include  -L/usr/local/lib -L/usr/lib -L/usr/lib conftest.c -llua5.2  -ldl -lconfig -lz -levent -lm   >&5
configure:5811: $? = 0
configure:5828: result: -llua5.2
configure:5889: result: default
configure:5899: checking execinfo.h usability
configure:5899: gcc -c -g -O2  -I/usr/local/include -I/usr/include -I/usr/include -I/usr/include/lua5.2 conftest.c >&5
configure:5899: $? = 0
configure:5899: result: yes
configure:5899: checking execinfo.h presence
configure:5899: gcc -E  -I/usr/local/include -I/usr/include -I/usr/include -I/usr/include/lua5.2 conftest.c
configure:5899: $? = 0
configure:5899: result: yes
configure:5899: checking for execinfo.h
configure:5899: result: yes
configure:5899: checking fcntl.h usability
configure:5899: gcc -c -g -O2  -I/usr/local/include -I/usr/include -I/usr/include -I/usr/include/lua5.2 conftest.c >&5
configure:5899: $? = 0
configure:5899: result: yes
configure:5899: checking fcntl.h presence
configure:5899: gcc -E  -I/usr/local/include -I/usr/include -I/usr/include -I/usr/include/lua5.2 conftest.c
configure:5899: $? = 0
configure:5899: result: yes
configure:5899: checking for fcntl.h
configure:5899: result: yes
configure:5899: checking malloc.h usability
configure:5899: gcc -c -g -O2  -I/usr/local/include -I/usr/include -I/usr/include -I/usr/include/lua5.2 conftest.c >&5
configure:5899: $? = 0
configure:5899: result: yes
configure:5899: checking malloc.h presence
configure:5899: gcc -E  -I/usr/local/include -I/usr/include -I/usr/include -I/usr/include/lua5.2 conftest.c
configure:5899: $? = 0
configure:5899: result: yes
configure:5899: checking for malloc.h
configure:5899: result: yes
configure:5899: checking netdb.h usability
configure:5899: gcc -c -g -O2  -I/usr/local/include -I/usr/include -I/usr/include -I/usr/include/lua5.2 conftest.c >&5
configure:5899: $? = 0
configure:5899: result: yes
configure:5899: checking netdb.h presence
configure:5899: gcc -E  -I/usr/local/include -I/usr/include -I/usr/include -I/usr/include/lua5.2 conftest.c
configure:5899: $? = 0
configure:5899: result: yes
configure:5899: checking for netdb.h
configure:5899: result: yes
configure:5899: checking for stdlib.h
configure:5899: result: yes
configure:5899: checking for string.h
configure:5899: result: yes
configure:5899: checking for unistd.h
configure:5899: result: yes
configure:5899: checking arpa/inet.h usability
configure:5899: gcc -c -g -O2  -I/usr/local/include -I/usr/include -I/usr/include -I/usr/include/lua5.2 conftest.c >&5
configure:5899: $? = 0
configure:5899: result: yes
configure:5899: checking arpa/inet.h presence
configure:5899: gcc -E  -I/usr/local/include -I/usr/include -I/usr/include -I/usr/include/lua5.2 conftest.c
configure:5899: $? = 0
configure:5899: result: yes
configure:5899: checking for arpa/inet.h
configure:5899: result: yes
configure:5899: checking mach/mach.h usability
configure:5899: gcc -c -g -O2  -I/usr/local/include -I/usr/include -I/usr/include -I/usr/include/lua5.2 conftest.c >&5
conftest.c:70:23: fatal error: mach/mach.h: No such file or directory
 #include <mach/mach.h>
                       ^
compilation terminated.
configure:5899: $? = 1
configure: failed program was:
| /* confdefs.h */
| #define PACKAGE_NAME "telegram-cli"
| #define PACKAGE_TARNAME "telegram-cli"
| #define PACKAGE_VERSION "1.0"
| #define PACKAGE_STRING "telegram-cli 1.0"
| #define PACKAGE_BUGREPORT ""
| #define PACKAGE_URL ""
| #define HAVE_LIBM 1
| #define HAVE_LIBEVENT 1
| #define STDC_HEADERS 1
| #define HAVE_SYS_TYPES_H 1
| #define HAVE_SYS_STAT_H 1
| #define HAVE_STDLIB_H 1
| #define HAVE_STRING_H 1
| #define HAVE_MEMORY_H 1
| #define HAVE_STRINGS_H 1
| #define HAVE_INTTYPES_H 1
| #define HAVE_STDINT_H 1
| #define HAVE_UNISTD_H 1
| #define EVENT_V2 1
| #define HAVE_LIBZ 1
| #define HAVE_LIBCONFIG 1
| #define HAVE_LUA_H 1
| #define HAVE_LUALIB_H 1
| #define HAVE_LAUXLIB_H 1
| #define HAVE_LUACONF_H 1
| #define USE_LUA 1
| #define HAVE_EXECINFO_H 1
| #define HAVE_FCNTL_H 1
| #define HAVE_MALLOC_H 1
| #define HAVE_NETDB_H 1
| #define HAVE_STDLIB_H 1
| #define HAVE_STRING_H 1
| #define HAVE_UNISTD_H 1
| #define HAVE_ARPA_INET_H 1
| /* end confdefs.h.  */
| #include <stdio.h>
| #ifdef HAVE_SYS_TYPES_H
| # include <sys/types.h>
| #endif
| #ifdef HAVE_SYS_STAT_H
| # include <sys/stat.h>
| #endif
| #ifdef STDC_HEADERS
| # include <stdlib.h>
| # include <stddef.h>
| #else
| # ifdef HAVE_STDLIB_H
| #  include <stdlib.h>
| # endif
| #endif
| #ifdef HAVE_STRING_H
| # if !defined STDC_HEADERS && defined HAVE_MEMORY_H
| #  include <memory.h>
| # endif
| # include <string.h>
| #endif
| #ifdef HAVE_STRINGS_H
| # include <strings.h>
| #endif
| #ifdef HAVE_INTTYPES_H
| # include <inttypes.h>
| #endif
| #ifdef HAVE_STDINT_H
| # include <stdint.h>
| #endif
| #ifdef HAVE_UNISTD_H
| # include <unistd.h>
| #endif
| #include <mach/mach.h>
configure:5899: result: no
configure:5899: checking mach/mach.h presence
configure:5899: gcc -E  -I/usr/local/include -I/usr/include -I/usr/include -I/usr/include/lua5.2 conftest.c
conftest.c:37:23: fatal error: mach/mach.h: No such file or directory
 #include <mach/mach.h>
                       ^
compilation terminated.
configure:5899: $? = 1
configure: failed program was:
| /* confdefs.h */
| #define PACKAGE_NAME "telegram-cli"
| #define PACKAGE_TARNAME "telegram-cli"
| #define PACKAGE_VERSION "1.0"
| #define PACKAGE_STRING "telegram-cli 1.0"
| #define PACKAGE_BUGREPORT ""
| #define PACKAGE_URL ""
| #define HAVE_LIBM 1
| #define HAVE_LIBEVENT 1
| #define STDC_HEADERS 1
| #define HAVE_SYS_TYPES_H 1
| #define HAVE_SYS_STAT_H 1
| #define HAVE_STDLIB_H 1
| #define HAVE_STRING_H 1
| #define HAVE_MEMORY_H 1
| #define HAVE_STRINGS_H 1
| #define HAVE_INTTYPES_H 1
| #define HAVE_STDINT_H 1
| #define HAVE_UNISTD_H 1
| #define EVENT_V2 1
| #define HAVE_LIBZ 1
| #define HAVE_LIBCONFIG 1
| #define HAVE_LUA_H 1
| #define HAVE_LUALIB_H 1
| #define HAVE_LAUXLIB_H 1
| #define HAVE_LUACONF_H 1
| #define USE_LUA 1
| #define HAVE_EXECINFO_H 1
| #define HAVE_FCNTL_H 1
| #define HAVE_MALLOC_H 1
| #define HAVE_NETDB_H 1
| #define HAVE_STDLIB_H 1
| #define HAVE_STRING_H 1
| #define HAVE_UNISTD_H 1
| #define HAVE_ARPA_INET_H 1
| /* end confdefs.h.  */
| #include <mach/mach.h>
configure:5899: result: no
configure:5899: checking for mach/mach.h
configure:5899: result: no
configure:5899: checking netinet/in.h usability
configure:5899: gcc -c -g -O2  -I/usr/local/include -I/usr/include -I/usr/include -I/usr/include/lua5.2 conftest.c >&5
configure:5899: $? = 0
configure:5899: result: yes
configure:5899: checking netinet/in.h presence
configure:5899: gcc -E  -I/usr/local/include -I/usr/include -I/usr/include -I/usr/include/lua5.2 conftest.c
configure:5899: $? = 0
configure:5899: result: yes
configure:5899: checking for netinet/in.h
configure:5899: result: yes
configure:5899: checking sys/file.h usability
configure:5899: gcc -c -g -O2  -I/usr/local/include -I/usr/include -I/usr/include -I/usr/include/lua5.2 conftest.c >&5
configure:5899: $? = 0
configure:5899: result: yes
configure:5899: checking sys/file.h presence
configure:5899: gcc -E  -I/usr/local/include -I/usr/include -I/usr/include -I/usr/include/lua5.2 conftest.c
configure:5899: $? = 0
configure:5899: result: yes
configure:5899: checking for sys/file.h
configure:5899: result: yes
configure:5899: checking sys/socket.h usability
configure:5899: gcc -c -g -O2  -I/usr/local/include -I/usr/include -I/usr/include -I/usr/include/lua5.2 conftest.c >&5
configure:5899: $? = 0
configure:5899: result: yes
configure:5899: checking sys/socket.h presence
configure:5899: gcc -E  -I/usr/local/include -I/usr/include -I/usr/include -I/usr/include/lua5.2 conftest.c
configure:5899: $? = 0
configure:5899: result: yes
configure:5899: checking for sys/socket.h
configure:5899: result: yes
configure:5899: checking termios.h usability
configure:5899: gcc -c -g -O2  -I/usr/local/include -I/usr/include -I/usr/include -I/usr/include/lua5.2 conftest.c >&5
configure:5899: $? = 0
configure:5899: result: yes
configure:5899: checking termios.h presence
configure:5899: gcc -E  -I/usr/local/include -I/usr/include -I/usr/include -I/usr/include/lua5.2 conftest.c
configure:5899: $? = 0
configure:5899: result: yes
configure:5899: checking for termios.h
configure:5899: result: yes
configure:5911: checking for size_t
configure:5911: gcc -c -g -O2  -I/usr/local/include -I/usr/include -I/usr/include -I/usr/include/lua5.2 conftest.c >&5
configure:5911: $? = 0
configure:5911: gcc -c -g -O2  -I/usr/local/include -I/usr/include -I/usr/include -I/usr/include/lua5.2 conftest.c >&5
conftest.c: In function 'main':
conftest.c:77:21: error: expected expression before ')' token
 if (sizeof ((size_t)))
                     ^
configure:5911: $? = 1
configure: failed program was:
| /* confdefs.h */
| #define PACKAGE_NAME "telegram-cli"
| #define PACKAGE_TARNAME "telegram-cli"
| #define PACKAGE_VERSION "1.0"
| #define PACKAGE_STRING "telegram-cli 1.0"
| #define PACKAGE_BUGREPORT ""
| #define PACKAGE_URL ""
| #define HAVE_LIBM 1
| #define HAVE_LIBEVENT 1
| #define STDC_HEADERS 1
| #define HAVE_SYS_TYPES_H 1
| #define HAVE_SYS_STAT_H 1
| #define HAVE_STDLIB_H 1
| #define HAVE_STRING_H 1
| #define HAVE_MEMORY_H 1
| #define HAVE_STRINGS_H 1
| #define HAVE_INTTYPES_H 1
| #define HAVE_STDINT_H 1
| #define HAVE_UNISTD_H 1
| #define EVENT_V2 1
| #define HAVE_LIBZ 1
| #define HAVE_LIBCONFIG 1
| #define HAVE_LUA_H 1
| #define HAVE_LUALIB_H 1
| #define HAVE_LAUXLIB_H 1
| #define HAVE_LUACONF_H 1
| #define USE_LUA 1
| #define HAVE_EXECINFO_H 1
| #define HAVE_FCNTL_H 1
| #define HAVE_MALLOC_H 1
| #define HAVE_NETDB_H 1
| #define HAVE_STDLIB_H 1
| #define HAVE_STRING_H 1
| #define HAVE_UNISTD_H 1
| #define HAVE_ARPA_INET_H 1
| #define HAVE_NETINET_IN_H 1
| #define HAVE_SYS_FILE_H 1
| #define HAVE_SYS_SOCKET_H 1
| #define HAVE_TERMIOS_H 1
| /* end confdefs.h.  */
| #include <stdio.h>
| #ifdef HAVE_SYS_TYPES_H
| # include <sys/types.h>
| #endif
| #ifdef HAVE_SYS_STAT_H
| # include <sys/stat.h>
| #endif
| #ifdef STDC_HEADERS
| # include <stdlib.h>
| # include <stddef.h>
| #else
| # ifdef HAVE_STDLIB_H
| #  include <stdlib.h>
| # endif
| #endif
| #ifdef HAVE_STRING_H
| # if !defined STDC_HEADERS && defined HAVE_MEMORY_H
| #  include <memory.h>
| # endif
| # include <string.h>
| #endif
| #ifdef HAVE_STRINGS_H
| # include <strings.h>
| #endif
| #ifdef HAVE_INTTYPES_H
| # include <inttypes.h>
| #endif
| #ifdef HAVE_STDINT_H
| # include <stdint.h>
| #endif
| #ifdef HAVE_UNISTD_H
| # include <unistd.h>
| #endif
| int
| main ()
| {
| if (sizeof ((size_t)))
| 	    return 0;
|   ;
|   return 0;
| }
configure:5911: result: yes
configure:5922: checking for uid_t in sys/types.h
configure:5941: result: yes
configure:5952: checking for inline
configure:5968: gcc -c -g -O2  -I/usr/local/include -I/usr/include -I/usr/include -I/usr/include/lua5.2 conftest.c >&5
configure:5968: $? = 0
configure:5976: result: inline
configure:5998: checking for stdlib.h
configure:5998: result: yes
configure:6008: checking for GNU libc compatible malloc
configure:6032: gcc -o conftest -g -O2  -I/usr/local/include -I/usr/include -I/usr/include -I/usr/include/lua5.2  -L/usr/local/lib -L/usr/lib -L/usr/lib conftest.c -lconfig -lz -levent -lm  >&5
configure:6032: $? = 0
configure:6032: ./conftest
configure:6032: $? = 0
configure:6042: result: yes
configure:6065: checking for stdlib.h
configure:6065: result: yes
configure:6075: checking for GNU libc compatible realloc
configure:6099: gcc -o conftest -g -O2  -I/usr/local/include -I/usr/include -I/usr/include -I/usr/include/lua5.2  -L/usr/local/lib -L/usr/lib -L/usr/lib conftest.c -lconfig -lz -levent -lm  >&5
configure:6099: $? = 0
configure:6099: ./conftest
configure:6099: $? = 0
configure:6109: result: yes
configure:6133: checking for alarm
configure:6133: gcc -o conftest -g -O2  -I/usr/local/include -I/usr/include -I/usr/include -I/usr/include/lua5.2  -L/usr/local/lib -L/usr/lib -L/usr/lib conftest.c -lconfig -lz -levent -lm  >&5
configure:6133: $? = 0
configure:6133: result: yes
configure:6133: checking for endpwent
configure:6133: gcc -o conftest -g -O2  -I/usr/local/include -I/usr/include -I/usr/include -I/usr/include/lua5.2  -L/usr/local/lib -L/usr/lib -L/usr/lib conftest.c -lconfig -lz -levent -lm  >&5
configure:6133: $? = 0
configure:6133: result: yes
configure:6133: checking for memset
configure:6133: gcc -o conftest -g -O2  -I/usr/local/include -I/usr/include -I/usr/include -I/usr/include/lua5.2  -L/usr/local/lib -L/usr/lib -L/usr/lib conftest.c -lconfig -lz -levent -lm  >&5
conftest.c:70:6: warning: conflicting types for built-in function 'memset' [enabled by default]
 char memset ();
      ^
configure:6133: $? = 0
configure:6133: result: yes
configure:6133: checking for memmove
configure:6133: gcc -o conftest -g -O2  -I/usr/local/include -I/usr/include -I/usr/include -I/usr/include/lua5.2  -L/usr/local/lib -L/usr/lib -L/usr/lib conftest.c -lconfig -lz -levent -lm  >&5
conftest.c:71:6: warning: conflicting types for built-in function 'memmove' [enabled by default]
 char memmove ();
      ^
configure:6133: $? = 0
configure:6133: result: yes
configure:6133: checking for mkdir
configure:6133: gcc -o conftest -g -O2  -I/usr/local/include -I/usr/include -I/usr/include -I/usr/include/lua5.2  -L/usr/local/lib -L/usr/lib -L/usr/lib conftest.c -lconfig -lz -levent -lm  >&5
configure:6133: $? = 0
configure:6133: result: yes
configure:6133: checking for select
configure:6133: gcc -o conftest -g -O2  -I/usr/local/include -I/usr/include -I/usr/include -I/usr/include/lua5.2  -L/usr/local/lib -L/usr/lib -L/usr/lib conftest.c -lconfig -lz -levent -lm  >&5
configure:6133: $? = 0
configure:6133: result: yes
configure:6133: checking for socket
configure:6133: gcc -o conftest -g -O2  -I/usr/local/include -I/usr/include -I/usr/include -I/usr/include/lua5.2  -L/usr/local/lib -L/usr/lib -L/usr/lib conftest.c -lconfig -lz -levent -lm  >&5
configure:6133: $? = 0
configure:6133: result: yes
configure:6133: checking for strdup
configure:6133: gcc -o conftest -g -O2  -I/usr/local/include -I/usr/include -I/usr/include -I/usr/include/lua5.2  -L/usr/local/lib -L/usr/lib -L/usr/lib conftest.c -lconfig -lz -levent -lm  >&5
conftest.c:75:6: warning: conflicting types for built-in function 'strdup' [enabled by default]
 char strdup ();
      ^
configure:6133: $? = 0
configure:6133: result: yes
configure:6133: checking for strndup
configure:6133: gcc -o conftest -g -O2  -I/usr/local/include -I/usr/include -I/usr/include -I/usr/include/lua5.2  -L/usr/local/lib -L/usr/lib -L/usr/lib conftest.c -lconfig -lz -levent -lm  >&5
conftest.c:76:6: warning: conflicting types for built-in function 'strndup' [enabled by default]
 char strndup ();
      ^
configure:6133: $? = 0
configure:6133: result: yes
configure:6133: checking for uname
configure:6133: gcc -o conftest -g -O2  -I/usr/local/include -I/usr/include -I/usr/include -I/usr/include/lua5.2  -L/usr/local/lib -L/usr/lib -L/usr/lib conftest.c -lconfig -lz -levent -lm  >&5
configure:6133: $? = 0
configure:6133: result: yes
configure:6146: checking for __builtin_bswap32
configure:6165: gcc -o conftest -g -O2  -I/usr/local/include -I/usr/include -I/usr/include -I/usr/include/lua5.2  -L/usr/local/lib -L/usr/lib -L/usr/lib conftest.c -lconfig -lz -levent -lm  >&5
configure:6165: $? = 0
configure:6174: result: yes
configure:6305: creating ./config.status

## ---------------------- ##
## Running config.status. ##
## ---------------------- ##

This file was extended by telegram-cli config.status 1.0, which was
generated by GNU Autoconf 2.69.  Invocation command line was

  CONFIG_FILES    = 
  CONFIG_HEADERS  = 
  CONFIG_LINKS    = 
  CONFIG_COMMANDS = 
  $ ./config.status 

on ubaldo-ubuntu

config.status:851: creating Makefile
config.status:851: creating config.h

## ---------------- ##
## Cache variables. ##
## ---------------- ##

ac_cv_c_compiler_gnu=yes
ac_cv_c_inline=inline
ac_cv_env_CC_set=
ac_cv_env_CC_value=
ac_cv_env_CFLAGS_set=
ac_cv_env_CFLAGS_value=
ac_cv_env_CPPFLAGS_set=
ac_cv_env_CPPFLAGS_value=
ac_cv_env_CPP_set=
ac_cv_env_CPP_value=
ac_cv_env_LDFLAGS_set=
ac_cv_env_LDFLAGS_value=
ac_cv_env_LIBS_set=
ac_cv_env_LIBS_value=
ac_cv_env_LUA_INCLUDE_set=
ac_cv_env_LUA_INCLUDE_value=
ac_cv_env_LUA_LIB_set=
ac_cv_env_LUA_LIB_value=
ac_cv_env_LUA_set=
ac_cv_env_LUA_value=
ac_cv_env_build_alias_set=
ac_cv_env_build_alias_value=
ac_cv_env_host_alias_set=
ac_cv_env_host_alias_value=
ac_cv_env_target_alias_set=
ac_cv_env_target_alias_value=
ac_cv_func_alarm=yes
ac_cv_func_endpwent=yes
ac_cv_func_malloc_0_nonnull=yes
ac_cv_func_memmove=yes
ac_cv_func_memset=yes
ac_cv_func_mkdir=yes
ac_cv_func_realloc_0_nonnull=yes
ac_cv_func_select=yes
ac_cv_func_socket=yes
ac_cv_func_strdup=yes
ac_cv_func_strndup=yes
ac_cv_func_uname=yes
ac_cv_header_arpa_inet_h=yes
ac_cv_header_event2_event_h=yes
ac_cv_header_execinfo_h=yes
ac_cv_header_fcntl_h=yes
ac_cv_header_inttypes_h=yes
ac_cv_header_lauxlib_h=yes
ac_cv_header_lua_h=yes
ac_cv_header_luaconf_h=yes
ac_cv_header_lualib_h=yes
ac_cv_header_mach_mach_h=no
ac_cv_header_malloc_h=yes
ac_cv_header_memory_h=yes
ac_cv_header_netdb_h=yes
ac_cv_header_netinet_in_h=yes
ac_cv_header_stdc=yes
ac_cv_header_stdint_h=yes
ac_cv_header_stdlib_h=yes
ac_cv_header_string_h=yes
ac_cv_header_strings_h=yes
ac_cv_header_sys_file_h=yes
ac_cv_header_sys_socket_h=yes
ac_cv_header_sys_stat_h=yes
ac_cv_header_sys_types_h=yes
ac_cv_header_termios_h=yes
ac_cv_header_unistd_h=yes
ac_cv_header_zlib_h=yes
ac_cv_lib_config_config_init=yes
ac_cv_lib_event_event_base_new=yes
ac_cv_lib_m_sqrt=yes
ac_cv_lib_readline_rl_save_prompt=yes
ac_cv_lib_z_inflateEnd=yes
ac_cv_objext=o
ac_cv_path_EGREP='/bin/grep -E'
ac_cv_path_GREP=/bin/grep
ac_cv_path_LUA=/usr/bin/lua
ac_cv_path_PKG_CONFIG=/usr/bin/pkg-config
ac_cv_prog_CPP='gcc -E'
ac_cv_prog_ac_ct_CC=gcc
ac_cv_prog_cc_c89=
ac_cv_prog_cc_g=yes
ac_cv_search_backtrace='none required'
ac_cv_search_clock_gettime='none required'
ac_cv_search_dlopen=-ldl
ac_cv_search_exp='none required'
ac_cv_search_lua_load=-llua5.2
ac_cv_type_size_t=yes
ac_cv_type_uid_t=yes
ax_cv_have___builtin_bswap32=yes
ax_cv_lua_header_version=5.2
ax_cv_lua_luadir='${prefix}/share/lua/5.2'
ax_cv_lua_luaexecdir='${exec_prefix}/lib/lua/5.2'
ax_cv_lua_platform=unknown
ax_cv_lua_version=5.2
zlib_cv_libz=yes
zlib_cv_zlib_h=yes

## ----------------- ##
## Output variables. ##
## ----------------- ##

CC='gcc'
CFLAGS='-g -O2'
CPP='gcc -E'
CPPFLAGS=' -I/usr/local/include -I/usr/include -I/usr/include -I/usr/include/lua5.2'
DEFS='-DHAVE_CONFIG_H'
ECHO_C=''
ECHO_N='-n'
ECHO_T=''
EGREP='/bin/grep -E'
EXEEXT=''
EXTRA_LIBS=' -lreadline -llua5.2  -ldl'
GREP='/bin/grep'
LDFLAGS=' -L/usr/local/lib -L/usr/lib -L/usr/lib'
LIBOBJS=''
LIBS='-lconfig -lz -levent -lm '
LTLIBOBJS=''
LUA='/usr/bin/lua'
LUA_EXEC_PREFIX='${exec_prefix}'
LUA_INCLUDE='-I/usr/include/lua5.2'
LUA_LIB='-llua5.2  -ldl'
LUA_PLATFORM='unknown'
LUA_PREFIX='${prefix}'
LUA_SHORT_VERSION='52'
LUA_VERSION='5.2'
OBJEXT='o'
OPENSSL_INCLUDES=' '
OPENSSL_LDFLAGS=' '
OPENSSL_LIBS='-lssl -lcrypto  '
PACKAGE_BUGREPORT=''
PACKAGE_NAME='telegram-cli'
PACKAGE_STRING='telegram-cli 1.0'
PACKAGE_TARNAME='telegram-cli'
PACKAGE_URL=''
PACKAGE_VERSION='1.0'
PATH_SEPARATOR=':'
PKG_CONFIG='/usr/bin/pkg-config'
SHELL='/bin/bash'
ac_ct_CC='gcc'
bindir='${exec_prefix}/bin'
build_alias=''
datadir='${datarootdir}'
datarootdir='${prefix}/share'
docdir='${datarootdir}/doc/${PACKAGE_TARNAME}'
dvidir='${docdir}'
exec_prefix='${prefix}'
host_alias=''
htmldir='${docdir}'
includedir='${prefix}/include'
infodir='${datarootdir}/info'
libdir='${exec_prefix}/lib'
libexecdir='${exec_prefix}/libexec'
localedir='${datarootdir}/locale'
localstatedir='${prefix}/var'
luadir='${prefix}/share/lua/5.2'
luaexecdir='${exec_prefix}/lib/lua/5.2'
mandir='${datarootdir}/man'
oldincludedir='/usr/include'
pdfdir='${docdir}'
pkgluadir='${luadir}/'
pkgluaexecdir='${luaexecdir}/'
prefix='/usr/local'
program_transform_name='s,x,x,'
psdir='${docdir}'
sbindir='${exec_prefix}/sbin'
sharedstatedir='${prefix}/com'
sysconfdir='${prefix}/etc'
target_alias=''

## ----------- ##
## confdefs.h. ##
## ----------- ##

/* confdefs.h */
#define PACKAGE_NAME "telegram-cli"
#define PACKAGE_TARNAME "telegram-cli"
#define PACKAGE_VERSION "1.0"
#define PACKAGE_STRING "telegram-cli 1.0"
#define PACKAGE_BUGREPORT ""
#define PACKAGE_URL ""
#define HAVE_LIBM 1
#define HAVE_LIBEVENT 1
#define STDC_HEADERS 1
#define HAVE_SYS_TYPES_H 1
#define HAVE_SYS_STAT_H 1
#define HAVE_STDLIB_H 1
#define HAVE_STRING_H 1
#define HAVE_MEMORY_H 1
#define HAVE_STRINGS_H 1
#define HAVE_INTTYPES_H 1
#define HAVE_STDINT_H 1
#define HAVE_UNISTD_H 1
#define EVENT_V2 1
#define HAVE_LIBZ 1
#define HAVE_LIBCONFIG 1
#define HAVE_LUA_H 1
#define HAVE_LUALIB_H 1
#define HAVE_LAUXLIB_H 1
#define HAVE_LUACONF_H 1
#define USE_LUA 1
#define HAVE_EXECINFO_H 1
#define HAVE_FCNTL_H 1
#define HAVE_MALLOC_H 1
#define HAVE_NETDB_H 1
#define HAVE_STDLIB_H 1
#define HAVE_STRING_H 1
#define HAVE_UNISTD_H 1
#define HAVE_ARPA_INET_H 1
#define HAVE_NETINET_IN_H 1
#define HAVE_SYS_FILE_H 1
#define HAVE_SYS_SOCKET_H 1
#define HAVE_TERMIOS_H 1
#define HAVE_STDLIB_H 1
#define HAVE_MALLOC 1
#define HAVE_STDLIB_H 1
#define HAVE_REALLOC 1
#define HAVE_ALARM 1
#define HAVE_ENDPWENT 1
#define HAVE_MEMSET 1
#define HAVE_MEMMOVE 1
#define HAVE_MKDIR 1
#define HAVE_SELECT 1
#define HAVE_SOCKET 1
#define HAVE_STRDUP 1
#define HAVE_STRNDUP 1
#define HAVE_UNAME 1
#define HAVE___BUILTIN_BSWAP32 1

configure: exit 0
